2025-12-26 14:54:19,554 - scanner - INFO - --- 启动自动化审计平台 ---
2025-12-26 14:54:19,554 - scanner - INFO - 目标地址: http://books.toscrape.com/
2025-12-26 14:54:19,593 - scanner - INFO - 阶段 1: 正在进行资产发现 (智能爬虫)...
2025-12-26 15:27:06,372 - scanner - INFO - --- 启动自动化审计平台 ---
2025-12-26 15:27:06,373 - scanner - INFO - 目标地址: http://192.168.153.128.dvwa
2025-12-26 15:27:06,392 - scanner - INFO - 阶段 1: 正在进行资产发现 (智能爬虫)...
2025-12-26 15:27:08,354 - scanner - INFO - 阶段 2: 正在从队列提取任务进行漏洞审计...
2025-12-26 15:27:08,357 - scanner - INFO - 队列暂时为空，等待中...
2025-12-26 15:27:11,360 - scanner - INFO - --- 审计任务结束 ---
2025-12-26 15:27:11,361 - scanner - INFO - 总计扫描 URL: 0
2025-12-26 15:27:11,362 - scanner - INFO - 共计发现漏洞: 0
2025-12-26 16:05:51,932 - scanner - INFO - --- 启动自动化审计平台 ---
2025-12-26 16:05:51,935 - scanner - INFO - 目标地址: http://127.0.0.1:5000
2025-12-26 16:05:51,960 - scanner - INFO - 阶段 1: 正在进行资产发现 (智能爬虫)...
2025-12-26 16:05:55,806 - scanner - INFO - 阶段 2: 正在从队列提取任务进行漏洞审计...
2025-12-26 16:05:55,809 - scanner - INFO - 队列暂时为空，等待中...
2025-12-26 16:05:58,814 - scanner - INFO - --- 审计任务结束 ---
2025-12-26 16:05:58,814 - scanner - INFO - 总计扫描 URL: 0
2025-12-26 16:05:58,814 - scanner - INFO - 共计发现漏洞: 0
2025-12-26 16:05:59,590 - scanner - INFO - --- 启动自动化审计平台 ---
2025-12-26 16:05:59,590 - scanner - INFO - 目标地址: http://127.0.0.1:5000
2025-12-26 16:05:59,609 - scanner - INFO - 阶段 1: 正在进行资产发现 (智能爬虫)...
2025-12-26 16:06:03,053 - scanner - INFO - 阶段 2: 正在从队列提取任务进行漏洞审计...
2025-12-26 16:06:03,055 - scanner - INFO - 队列暂时为空，等待中...
2025-12-26 16:06:06,058 - scanner - INFO - --- 审计任务结束 ---
2025-12-26 16:06:06,059 - scanner - INFO - 总计扫描 URL: 0
2025-12-26 16:06:06,060 - scanner - INFO - 共计发现漏洞: 0
2025-12-26 16:06:06,622 - scanner - INFO - --- 启动自动化审计平台 ---
2025-12-26 16:06:06,623 - scanner - INFO - 目标地址: http://127.0.0.1:5000
2025-12-26 16:06:06,638 - scanner - INFO - 阶段 1: 正在进行资产发现 (智能爬虫)...
2025-12-26 16:06:10,212 - scanner - INFO - 阶段 2: 正在从队列提取任务进行漏洞审计...
2025-12-26 16:06:10,215 - scanner - INFO - 队列暂时为空，等待中...
2025-12-26 16:06:13,217 - scanner - INFO - --- 审计任务结束 ---
2025-12-26 16:06:13,217 - scanner - INFO - 总计扫描 URL: 0
2025-12-26 16:06:13,218 - scanner - INFO - 共计发现漏洞: 0
2025-12-26 19:04:49,714 - scanner - INFO - --- 启动自动化审计平台 ---
2025-12-26 19:04:49,715 - scanner - INFO - 目标地址: htttp://127.0.0.1:5000
2025-12-26 19:04:49,728 - scanner - INFO - 阶段 1: 正在进行资产发现 (智能爬虫)...
2025-12-26 19:04:51,409 - scanner - INFO - 阶段 2: 正在从队列提取任务进行漏洞审计...
2025-12-26 19:04:51,411 - scanner - INFO - 队列暂时为空，等待中...
2025-12-26 19:04:54,414 - scanner - INFO - --- 审计任务结束 ---
2025-12-26 19:04:54,414 - scanner - INFO - 总计扫描 URL: 0
2025-12-26 19:04:54,415 - scanner - INFO - 共计发现漏洞: 0
2025-12-27 12:03:21,013 - scanner - INFO - --- 启动自动化审计平台 ---
2025-12-27 12:03:21,015 - scanner - INFO - 目标地址: htttp://127.0.0.1:8000
2025-12-27 12:03:21,024 - scanner - INFO - 阶段 1: 正在进行资产发现 (智能爬虫)...
2025-12-27 12:03:27,124 - scanner - INFO - 阶段 2: 正在从队列提取任务进行漏洞审计...
2025-12-27 12:03:27,127 - scanner - INFO - 队列暂时为空，等待中...
2025-12-27 12:03:30,129 - scanner - INFO - --- 审计任务结束 ---
2025-12-27 12:03:30,130 - scanner - INFO - 总计扫描 URL: 0
2025-12-27 12:03:30,131 - scanner - INFO - 共计发现漏洞: 0
2025-12-27 12:07:53,341 - scanner - INFO - --- 启动自动化审计平台 ---
2025-12-27 12:07:53,342 - scanner - INFO - 目标地址: http://127.0.0.1:8000
2025-12-27 12:07:53,359 - scanner - INFO - 阶段 1: 正在进行资产发现 (智能爬虫)...
2025-12-27 12:07:55,357 - scanner - INFO - 阶段 2: 正在从队列提取任务进行漏洞审计...
2025-12-27 12:07:55,359 - scanner - INFO - 队列暂时为空，等待中...
2025-12-27 12:07:58,362 - scanner - INFO - --- 审计任务结束 ---
2025-12-27 12:07:58,362 - scanner - INFO - 总计扫描 URL: 0
2025-12-27 12:07:58,363 - scanner - INFO - 共计发现漏洞: 0
2025-12-27 13:09:28,598 - scanner - INFO - --- 启动自动化审计平台 ---
2025-12-27 13:09:28,599 - scanner - INFO - 目标地址: http://127.0.0.1:8000
2025-12-27 13:09:28,609 - scanner - INFO - 阶段 1: 正在进行资产发现 (智能爬虫)...
2025-12-27 13:09:30,177 - scanner - INFO - 阶段 2: 正在从队列提取任务进行漏洞审计...
2025-12-27 13:09:30,179 - scanner - INFO - 队列暂时为空，等待中...
2025-12-27 13:09:33,182 - scanner - INFO - --- 审计任务结束 ---
2025-12-27 13:09:33,182 - scanner - INFO - 总计扫描 URL: 0
2025-12-27 13:09:33,183 - scanner - INFO - 共计发现漏洞: 0
2025-12-27 13:51:57,481 - scanner - INFO - --- 启动自动化审计平台 ---
2025-12-27 13:51:57,481 - scanner - INFO - 目标地址: http://127.0.0.1:8000
2025-12-27 13:51:57,492 - scanner - INFO - 阶段 1: 正在进行资产发现 (智能爬虫)...
2025-12-27 13:51:59,030 - scanner - INFO - 阶段 2: 正在从队列提取任务进行漏洞审计...
2025-12-27 13:51:59,033 - scanner - INFO - 队列暂时为空，等待中...
2025-12-27 13:52:02,035 - scanner - INFO - --- 审计任务结束 ---
2025-12-27 13:52:02,035 - scanner - INFO - 总计扫描 URL: 0
2025-12-27 13:52:02,036 - scanner - INFO - 共计发现漏洞: 0
2025-12-27 19:53:49,326 - scanner - INFO - --- 启动自动化审计平台 ---
2025-12-27 19:53:49,327 - scanner - INFO - 目标地址: http://127.0.0.1:8000
2025-12-27 19:53:49,339 - scanner - INFO - 阶段 1: 正在进行资产发现 (智能爬虫)...
2025-12-27 19:53:50,914 - scanner - INFO - 阶段 2: 正在从队列提取任务进行漏洞审计...
2025-12-27 19:53:50,916 - scanner - INFO - 队列暂时为空，等待中...
2025-12-27 19:53:53,919 - scanner - INFO - --- 审计任务结束 ---
2025-12-27 19:53:53,919 - scanner - INFO - 总计扫描 URL: 0
2025-12-27 19:53:53,919 - scanner - INFO - 共计发现漏洞: 0
2025-12-27 20:50:36,865 - scanner - INFO - --- 启动自动化审计平台 ---
2025-12-27 20:50:36,866 - scanner - INFO - 目标地址: http://127.0.0.1:8000
2025-12-27 20:50:36,877 - scanner - INFO - 阶段 1: 正在进行资产发现 (智能爬虫)...
2025-12-27 20:50:39,936 - scanner - INFO - 阶段 2: 正在从队列提取任务进行漏洞审计...
2025-12-27 20:50:39,938 - scanner - INFO - 队列暂时为空，等待中...
2025-12-27 20:50:42,940 - scanner - INFO - --- 审计任务结束 ---
2025-12-27 20:50:42,940 - scanner - INFO - 总计扫描 URL: 0
2025-12-27 20:50:42,941 - scanner - INFO - 共计发现漏洞: 0
2025-12-28 11:06:08,528 - scanner - INFO - --- 启动自动化审计平台 ---
2025-12-28 11:06:08,530 - scanner - INFO - 目标地址: http://127.0.0.1:8000
2025-12-28 11:06:08,541 - scanner - INFO - 阶段 1: 正在进行资产发现 (智能爬虫)...
2025-12-28 11:06:15,457 - scanner - INFO - 阶段 2: 正在从队列提取任务进行漏洞审计...
2025-12-28 11:06:15,460 - scanner - INFO - 队列暂时为空，等待中...
2025-12-28 11:06:18,463 - scanner - INFO - --- 审计任务结束 ---
2025-12-28 11:06:18,464 - scanner - INFO - 总计扫描 URL: 0
2025-12-28 11:06:18,464 - scanner - INFO - 共计发现漏洞: 0
2025-12-28 11:16:59,213 - scanner - INFO - --- 启动自动化审计平台 ---
2025-12-28 11:16:59,213 - scanner - INFO - 目标地址: http://127.0.0.1:8000
2025-12-28 11:16:59,231 - scanner - INFO - 阶段 1: 正在进行资产发现 (智能爬虫)...
2025-12-28 11:17:02,319 - scanner - INFO - 阶段 2: 正在从队列提取任务进行漏洞审计...
2025-12-28 11:17:02,321 - scanner - INFO - 队列已空，所有发现的资产审计完成。
2025-12-28 11:17:02,321 - scanner - INFO - --- 审计任务结束 ---
2025-12-28 11:17:02,322 - scanner - INFO - 总计扫描 URL: 0
2025-12-28 11:17:02,322 - scanner - INFO - 共计发现漏洞: 0
2025-12-28 11:19:53,884 - scanner - INFO - --- 启动自动化审计平台 ---
2025-12-28 11:19:53,892 - scanner - INFO - 阶段 1: 正在进行资产发现 (智能爬虫)...
2025-12-28 11:19:56,969 - scanner - INFO - 阶段 2: 正在从资产池提取 URL 进行漏洞审计...
2025-12-28 11:19:56,971 - scanner - INFO - [1] 正在审计: http://127.0.0.1:8000/profile?user_id=2
2025-12-28 11:19:57,056 - scanner - WARNING - !!! [发现漏洞] 类型: SQL Injection | 位置: http://127.0.0.1:8000/profile?user_id=2
2025-12-28 11:19:57,057 - scanner - WARNING - !!! [发现漏洞] 类型: IDOR (越权访问) | 位置: http://127.0.0.1:8000/profile?user_id=2
2025-12-28 11:19:57,057 - scanner - INFO - [2] 正在审计: http://127.0.0.1:8000
2025-12-28 11:19:57,088 - scanner - WARNING - !!! [发现漏洞] 类型: IDOR (越权访问) | 位置: http://127.0.0.1:8000
2025-12-28 11:19:57,088 - scanner - INFO - [3] 正在审计: http://127.0.0.1:8000/search?id=1
2025-12-28 11:19:57,165 - scanner - WARNING - !!! [发现漏洞] 类型: SQL Injection | 位置: http://127.0.0.1:8000/search?id=1
2025-12-28 11:19:57,166 - scanner - WARNING - !!! [发现漏洞] 类型: IDOR (越权访问) | 位置: http://127.0.0.1:8000/search?id=1
2025-12-28 11:19:57,166 - scanner - INFO - --- 审计任务结束 ---
2025-12-28 11:19:57,167 - scanner - INFO - 总计审计 URL: 3
2025-12-28 11:19:57,167 - scanner - INFO - 共计发现漏洞: 5
